CRITICAL - 2025-04-25 14:32:49 --> CodeIgniter\View\Exceptions\ViewException: Invalid file: "layout/leftmenu.php"
[Method: GET, Route: homepage]
in SYSTEMPATH\Exceptions\FrameworkException.php on line 39.
 1 SYSTEMPATH\View\View.php(212): CodeIgniter\Exceptions\FrameworkException::forInvalidFile('layout/leftmenu.php')
 2 SYSTEMPATH\Common.php(1173): CodeIgniter\View\View->render('layout/leftmenu', [], true)
 3 APPPATH\Views\homepage.php(3): view('layout/leftmenu')
 4 SYSTEMPATH\View\View.php(224): include('C:\\xampp\\htdocs\\gercekkisi\\app\\Views\\homepage.php')
 5 SYSTEMPATH\View\View.php(227): CodeIgniter\View\View->CodeIgniter\View\{closure}()
 6 SYSTEMPATH\Common.php(1173): CodeIgniter\View\View->render('homepage', [], true)
 7 APPPATH\Controllers\Home.php(9): view('homepage')
 8 SYSTEMPATH\CodeIgniter.php(933): App\Controllers\Home->index()
 9 SYSTEMPATH\CodeIgniter.php(507): CodeIgniter\CodeIgniter->runController(Object(App\Controllers\Home))
10 SYSTEMPATH\CodeIgniter.php(354): CodeIgniter\CodeIgniter->handleRequest(null, Object(Config\Cache), false)
11 SYSTEMPATH\Boot.php(334): CodeIgniter\CodeIgniter->run()
12 SYSTEMPATH\Boot.php(67): CodeIgniter\Boot::runCodeIgniter(Object(CodeIgniter\CodeIgniter))
13 FCPATH\index.php(56): CodeIgniter\Boot::bootWeb(Object(Config\Paths))
CRITICAL - 2025-04-25 14:32:50 --> CodeIgniter\View\Exceptions\ViewException: Invalid file: "layout/leftmenu.php"
[Method: GET, Route: homepage]
in SYSTEMPATH\Exceptions\FrameworkException.php on line 39.
 1 SYSTEMPATH\View\View.php(212): CodeIgniter\Exceptions\FrameworkException::forInvalidFile('layout/leftmenu.php')
 2 SYSTEMPATH\Common.php(1173): CodeIgniter\View\View->render('layout/leftmenu', [], true)
 3 APPPATH\Views\homepage.php(3): view('layout/leftmenu')
 4 SYSTEMPATH\View\View.php(224): include('C:\\xampp\\htdocs\\gercekkisi\\app\\Views\\homepage.php')
 5 SYSTEMPATH\View\View.php(227): CodeIgniter\View\View->CodeIgniter\View\{closure}()
 6 SYSTEMPATH\Common.php(1173): CodeIgniter\View\View->render('homepage', [], true)
 7 APPPATH\Controllers\Home.php(9): view('homepage')
 8 SYSTEMPATH\CodeIgniter.php(933): App\Controllers\Home->index()
 9 SYSTEMPATH\CodeIgniter.php(507): CodeIgniter\CodeIgniter->runController(Object(App\Controllers\Home))
10 SYSTEMPATH\CodeIgniter.php(354): CodeIgniter\CodeIgniter->handleRequest(null, Object(Config\Cache), false)
11 SYSTEMPATH\Boot.php(334): CodeIgniter\CodeIgniter->run()
12 SYSTEMPATH\Boot.php(67): CodeIgniter\Boot::runCodeIgniter(Object(CodeIgniter\CodeIgniter))
13 FCPATH\index.php(56): CodeIgniter\Boot::bootWeb(Object(Config\Paths))
CRITICAL - 2025-04-25 14:32:50 --> CodeIgniter\View\Exceptions\ViewException: Invalid file: "layout/leftmenu.php"
[Method: GET, Route: homepage]
in SYSTEMPATH\Exceptions\FrameworkException.php on line 39.
 1 SYSTEMPATH\View\View.php(212): CodeIgniter\Exceptions\FrameworkException::forInvalidFile('layout/leftmenu.php')
 2 SYSTEMPATH\Common.php(1173): CodeIgniter\View\View->render('layout/leftmenu', [], true)
 3 APPPATH\Views\homepage.php(3): view('layout/leftmenu')
 4 SYSTEMPATH\View\View.php(224): include('C:\\xampp\\htdocs\\gercekkisi\\app\\Views\\homepage.php')
 5 SYSTEMPATH\View\View.php(227): CodeIgniter\View\View->CodeIgniter\View\{closure}()
 6 SYSTEMPATH\Common.php(1173): CodeIgniter\View\View->render('homepage', [], true)
 7 APPPATH\Controllers\Home.php(9): view('homepage')
 8 SYSTEMPATH\CodeIgniter.php(933): App\Controllers\Home->index()
 9 SYSTEMPATH\CodeIgniter.php(507): CodeIgniter\CodeIgniter->runController(Object(App\Controllers\Home))
10 SYSTEMPATH\CodeIgniter.php(354): CodeIgniter\CodeIgniter->handleRequest(null, Object(Config\Cache), false)
11 SYSTEMPATH\Boot.php(334): CodeIgniter\CodeIgniter->run()
12 SYSTEMPATH\Boot.php(67): CodeIgniter\Boot::runCodeIgniter(Object(CodeIgniter\CodeIgniter))
13 FCPATH\index.php(56): CodeIgniter\Boot::bootWeb(Object(Config\Paths))
CRITICAL - 2025-04-25 14:32:51 --> CodeIgniter\View\Exceptions\ViewException: Invalid file: "layout/leftmenu.php"
[Method: GET, Route: homepage]
in SYSTEMPATH\Exceptions\FrameworkException.php on line 39.
 1 SYSTEMPATH\View\View.php(212): CodeIgniter\Exceptions\FrameworkException::forInvalidFile('layout/leftmenu.php')
 2 SYSTEMPATH\Common.php(1173): CodeIgniter\View\View->render('layout/leftmenu', [], true)
 3 APPPATH\Views\homepage.php(3): view('layout/leftmenu')
 4 SYSTEMPATH\View\View.php(224): include('C:\\xampp\\htdocs\\gercekkisi\\app\\Views\\homepage.php')
 5 SYSTEMPATH\View\View.php(227): CodeIgniter\View\View->CodeIgniter\View\{closure}()
 6 SYSTEMPATH\Common.php(1173): CodeIgniter\View\View->render('homepage', [], true)
 7 APPPATH\Controllers\Home.php(9): view('homepage')
 8 SYSTEMPATH\CodeIgniter.php(933): App\Controllers\Home->index()
 9 SYSTEMPATH\CodeIgniter.php(507): CodeIgniter\CodeIgniter->runController(Object(App\Controllers\Home))
10 SYSTEMPATH\CodeIgniter.php(354): CodeIgniter\CodeIgniter->handleRequest(null, Object(Config\Cache), false)
11 SYSTEMPATH\Boot.php(334): CodeIgniter\CodeIgniter->run()
12 SYSTEMPATH\Boot.php(67): CodeIgniter\Boot::runCodeIgniter(Object(CodeIgniter\CodeIgniter))
13 FCPATH\index.php(56): CodeIgniter\Boot::bootWeb(Object(Config\Paths))
CRITICAL - 2025-04-25 14:32:51 --> CodeIgniter\View\Exceptions\ViewException: Invalid file: "layout/leftmenu.php"
[Method: GET, Route: homepage]
in SYSTEMPATH\Exceptions\FrameworkException.php on line 39.
 1 SYSTEMPATH\View\View.php(212): CodeIgniter\Exceptions\FrameworkException::forInvalidFile('layout/leftmenu.php')
 2 SYSTEMPATH\Common.php(1173): CodeIgniter\View\View->render('layout/leftmenu', [], true)
 3 APPPATH\Views\homepage.php(3): view('layout/leftmenu')
 4 SYSTEMPATH\View\View.php(224): include('C:\\xampp\\htdocs\\gercekkisi\\app\\Views\\homepage.php')
 5 SYSTEMPATH\View\View.php(227): CodeIgniter\View\View->CodeIgniter\View\{closure}()
 6 SYSTEMPATH\Common.php(1173): CodeIgniter\View\View->render('homepage', [], true)
 7 APPPATH\Controllers\Home.php(9): view('homepage')
 8 SYSTEMPATH\CodeIgniter.php(933): App\Controllers\Home->index()
 9 SYSTEMPATH\CodeIgniter.php(507): CodeIgniter\CodeIgniter->runController(Object(App\Controllers\Home))
10 SYSTEMPATH\CodeIgniter.php(354): CodeIgniter\CodeIgniter->handleRequest(null, Object(Config\Cache), false)
11 SYSTEMPATH\Boot.php(334): CodeIgniter\CodeIgniter->run()
12 SYSTEMPATH\Boot.php(67): CodeIgniter\Boot::runCodeIgniter(Object(CodeIgniter\CodeIgniter))
13 FCPATH\index.php(56): CodeIgniter\Boot::bootWeb(Object(Config\Paths))
CRITICAL - 2025-04-25 14:33:49 --> CodeIgniter\View\Exceptions\ViewException: Invalid file: "layout/leftmenu.php"
[Method: GET, Route: homepage]
in SYSTEMPATH\Exceptions\FrameworkException.php on line 39.
 1 SYSTEMPATH\View\View.php(212): CodeIgniter\Exceptions\FrameworkException::forInvalidFile('layout/leftmenu.php')
 2 SYSTEMPATH\Common.php(1173): CodeIgniter\View\View->render('layout/leftmenu', [], true)
 3 APPPATH\Views\homepage.php(3): view('layout/leftmenu')
 4 SYSTEMPATH\View\View.php(224): include('C:\\xampp\\htdocs\\gercekkisi\\app\\Views\\homepage.php')
 5 SYSTEMPATH\View\View.php(227): CodeIgniter\View\View->CodeIgniter\View\{closure}()
 6 SYSTEMPATH\Common.php(1173): CodeIgniter\View\View->render('homepage', [], true)
 7 APPPATH\Controllers\Home.php(9): view('homepage')
 8 SYSTEMPATH\CodeIgniter.php(933): App\Controllers\Home->index()
 9 SYSTEMPATH\CodeIgniter.php(507): CodeIgniter\CodeIgniter->runController(Object(App\Controllers\Home))
10 SYSTEMPATH\CodeIgniter.php(354): CodeIgniter\CodeIgniter->handleRequest(null, Object(Config\Cache), false)
11 SYSTEMPATH\Boot.php(334): CodeIgniter\CodeIgniter->run()
12 SYSTEMPATH\Boot.php(67): CodeIgniter\Boot::runCodeIgniter(Object(CodeIgniter\CodeIgniter))
13 FCPATH\index.php(56): CodeIgniter\Boot::bootWeb(Object(Config\Paths))
CRITICAL - 2025-04-25 14:33:49 --> CodeIgniter\View\Exceptions\ViewException: Invalid file: "layout/leftmenu.php"
[Method: GET, Route: homepage]
in SYSTEMPATH\Exceptions\FrameworkException.php on line 39.
 1 SYSTEMPATH\View\View.php(212): CodeIgniter\Exceptions\FrameworkException::forInvalidFile('layout/leftmenu.php')
 2 SYSTEMPATH\Common.php(1173): CodeIgniter\View\View->render('layout/leftmenu', [], true)
 3 APPPATH\Views\homepage.php(3): view('layout/leftmenu')
 4 SYSTEMPATH\View\View.php(224): include('C:\\xampp\\htdocs\\gercekkisi\\app\\Views\\homepage.php')
 5 SYSTEMPATH\View\View.php(227): CodeIgniter\View\View->CodeIgniter\View\{closure}()
 6 SYSTEMPATH\Common.php(1173): CodeIgniter\View\View->render('homepage', [], true)
 7 APPPATH\Controllers\Home.php(9): view('homepage')
 8 SYSTEMPATH\CodeIgniter.php(933): App\Controllers\Home->index()
 9 SYSTEMPATH\CodeIgniter.php(507): CodeIgniter\CodeIgniter->runController(Object(App\Controllers\Home))
10 SYSTEMPATH\CodeIgniter.php(354): CodeIgniter\CodeIgniter->handleRequest(null, Object(Config\Cache), false)
11 SYSTEMPATH\Boot.php(334): CodeIgniter\CodeIgniter->run()
12 SYSTEMPATH\Boot.php(67): CodeIgniter\Boot::runCodeIgniter(Object(CodeIgniter\CodeIgniter))
13 FCPATH\index.php(56): CodeIgniter\Boot::bootWeb(Object(Config\Paths))
CRITICAL - 2025-04-25 14:33:49 --> CodeIgniter\View\Exceptions\ViewException: Invalid file: "layout/leftmenu.php"
[Method: GET, Route: homepage]
in SYSTEMPATH\Exceptions\FrameworkException.php on line 39.
 1 SYSTEMPATH\View\View.php(212): CodeIgniter\Exceptions\FrameworkException::forInvalidFile('layout/leftmenu.php')
 2 SYSTEMPATH\Common.php(1173): CodeIgniter\View\View->render('layout/leftmenu', [], true)
 3 APPPATH\Views\homepage.php(3): view('layout/leftmenu')
 4 SYSTEMPATH\View\View.php(224): include('C:\\xampp\\htdocs\\gercekkisi\\app\\Views\\homepage.php')
 5 SYSTEMPATH\View\View.php(227): CodeIgniter\View\View->CodeIgniter\View\{closure}()
 6 SYSTEMPATH\Common.php(1173): CodeIgniter\View\View->render('homepage', [], true)
 7 APPPATH\Controllers\Home.php(9): view('homepage')
 8 SYSTEMPATH\CodeIgniter.php(933): App\Controllers\Home->index()
 9 SYSTEMPATH\CodeIgniter.php(507): CodeIgniter\CodeIgniter->runController(Object(App\Controllers\Home))
10 SYSTEMPATH\CodeIgniter.php(354): CodeIgniter\CodeIgniter->handleRequest(null, Object(Config\Cache), false)
11 SYSTEMPATH\Boot.php(334): CodeIgniter\CodeIgniter->run()
12 SYSTEMPATH\Boot.php(67): CodeIgniter\Boot::runCodeIgniter(Object(CodeIgniter\CodeIgniter))
13 FCPATH\index.php(56): CodeIgniter\Boot::bootWeb(Object(Config\Paths))
CRITICAL - 2025-04-25 14:33:50 --> CodeIgniter\View\Exceptions\ViewException: Invalid file: "layout/leftmenu.php"
[Method: GET, Route: homepage]
in SYSTEMPATH\Exceptions\FrameworkException.php on line 39.
 1 SYSTEMPATH\View\View.php(212): CodeIgniter\Exceptions\FrameworkException::forInvalidFile('layout/leftmenu.php')
 2 SYSTEMPATH\Common.php(1173): CodeIgniter\View\View->render('layout/leftmenu', [], true)
 3 APPPATH\Views\homepage.php(3): view('layout/leftmenu')
 4 SYSTEMPATH\View\View.php(224): include('C:\\xampp\\htdocs\\gercekkisi\\app\\Views\\homepage.php')
 5 SYSTEMPATH\View\View.php(227): CodeIgniter\View\View->CodeIgniter\View\{closure}()
 6 SYSTEMPATH\Common.php(1173): CodeIgniter\View\View->render('homepage', [], true)
 7 APPPATH\Controllers\Home.php(9): view('homepage')
 8 SYSTEMPATH\CodeIgniter.php(933): App\Controllers\Home->index()
 9 SYSTEMPATH\CodeIgniter.php(507): CodeIgniter\CodeIgniter->runController(Object(App\Controllers\Home))
10 SYSTEMPATH\CodeIgniter.php(354): CodeIgniter\CodeIgniter->handleRequest(null, Object(Config\Cache), false)
11 SYSTEMPATH\Boot.php(334): CodeIgniter\CodeIgniter->run()
12 SYSTEMPATH\Boot.php(67): CodeIgniter\Boot::runCodeIgniter(Object(CodeIgniter\CodeIgniter))
13 FCPATH\index.php(56): CodeIgniter\Boot::bootWeb(Object(Config\Paths))
CRITICAL - 2025-04-25 14:33:50 --> CodeIgniter\View\Exceptions\ViewException: Invalid file: "layout/leftmenu.php"
[Method: GET, Route: homepage]
in SYSTEMPATH\Exceptions\FrameworkException.php on line 39.
 1 SYSTEMPATH\View\View.php(212): CodeIgniter\Exceptions\FrameworkException::forInvalidFile('layout/leftmenu.php')
 2 SYSTEMPATH\Common.php(1173): CodeIgniter\View\View->render('layout/leftmenu', [], true)
 3 APPPATH\Views\homepage.php(3): view('layout/leftmenu')
 4 SYSTEMPATH\View\View.php(224): include('C:\\xampp\\htdocs\\gercekkisi\\app\\Views\\homepage.php')
 5 SYSTEMPATH\View\View.php(227): CodeIgniter\View\View->CodeIgniter\View\{closure}()
 6 SYSTEMPATH\Common.php(1173): CodeIgniter\View\View->render('homepage', [], true)
 7 APPPATH\Controllers\Home.php(9): view('homepage')
 8 SYSTEMPATH\CodeIgniter.php(933): App\Controllers\Home->index()
 9 SYSTEMPATH\CodeIgniter.php(507): CodeIgniter\CodeIgniter->runController(Object(App\Controllers\Home))
10 SYSTEMPATH\CodeIgniter.php(354): CodeIgniter\CodeIgniter->handleRequest(null, Object(Config\Cache), false)
11 SYSTEMPATH\Boot.php(334): CodeIgniter\CodeIgniter->run()
12 SYSTEMPATH\Boot.php(67): CodeIgniter\Boot::runCodeIgniter(Object(CodeIgniter\CodeIgniter))
13 FCPATH\index.php(56): CodeIgniter\Boot::bootWeb(Object(Config\Paths))
CRITICAL - 2025-04-25 14:35:31 --> CodeIgniter\View\Exceptions\ViewException: Invalid file: "layout/leftmenu.php"
[Method: GET, Route: homepage]
in SYSTEMPATH\Exceptions\FrameworkException.php on line 39.
 1 SYSTEMPATH\View\View.php(212): CodeIgniter\Exceptions\FrameworkException::forInvalidFile('layout/leftmenu.php')
 2 SYSTEMPATH\Common.php(1173): CodeIgniter\View\View->render('layout/leftmenu', [], true)
 3 APPPATH\Views\homepage.php(3): view('layout/leftmenu')
 4 SYSTEMPATH\View\View.php(224): include('C:\\xampp\\htdocs\\gercekkisi\\app\\Views\\homepage.php')
 5 SYSTEMPATH\View\View.php(227): CodeIgniter\View\View->CodeIgniter\View\{closure}()
 6 SYSTEMPATH\Common.php(1173): CodeIgniter\View\View->render('homepage', [], true)
 7 APPPATH\Controllers\Home.php(9): view('homepage')
 8 SYSTEMPATH\CodeIgniter.php(933): App\Controllers\Home->index()
 9 SYSTEMPATH\CodeIgniter.php(507): CodeIgniter\CodeIgniter->runController(Object(App\Controllers\Home))
10 SYSTEMPATH\CodeIgniter.php(354): CodeIgniter\CodeIgniter->handleRequest(null, Object(Config\Cache), false)
11 SYSTEMPATH\Boot.php(334): CodeIgniter\CodeIgniter->run()
12 SYSTEMPATH\Boot.php(67): CodeIgniter\Boot::runCodeIgniter(Object(CodeIgniter\CodeIgniter))
13 FCPATH\index.php(56): CodeIgniter\Boot::bootWeb(Object(Config\Paths))
CRITICAL - 2025-04-25 14:35:59 --> CodeIgniter\View\Exceptions\ViewException: Invalid file: "layout/footer.php"
[Method: GET, Route: homepage]
in SYSTEMPATH\Exceptions\FrameworkException.php on line 39.
 1 SYSTEMPATH\View\View.php(212): CodeIgniter\Exceptions\FrameworkException::forInvalidFile('layout/footer.php')
 2 SYSTEMPATH\Common.php(1173): CodeIgniter\View\View->render('layout/footer', [], true)
 3 APPPATH\Views\homepage.php(855): view('layout/footer')
 4 SYSTEMPATH\View\View.php(224): include('C:\\xampp\\htdocs\\gercekkisi\\app\\Views\\homepage.php')
 5 SYSTEMPATH\View\View.php(227): CodeIgniter\View\View->CodeIgniter\View\{closure}()
 6 SYSTEMPATH\Common.php(1173): CodeIgniter\View\View->render('homepage', [], true)
 7 APPPATH\Controllers\Home.php(9): view('homepage')
 8 SYSTEMPATH\CodeIgniter.php(933): App\Controllers\Home->index()
 9 SYSTEMPATH\CodeIgniter.php(507): CodeIgniter\CodeIgniter->runController(Object(App\Controllers\Home))
10 SYSTEMPATH\CodeIgniter.php(354): CodeIgniter\CodeIgniter->handleRequest(null, Object(Config\Cache), false)
11 SYSTEMPATH\Boot.php(334): CodeIgniter\CodeIgniter->run()
12 SYSTEMPATH\Boot.php(67): CodeIgniter\Boot::runCodeIgniter(Object(CodeIgniter\CodeIgniter))
13 FCPATH\index.php(56): CodeIgniter\Boot::bootWeb(Object(Config\Paths))
CRITICAL - 2025-04-25 14:35:59 --> CodeIgniter\View\Exceptions\ViewException: Invalid file: "layout/footer.php"
[Method: GET, Route: homepage]
in SYSTEMPATH\Exceptions\FrameworkException.php on line 39.
 1 SYSTEMPATH\View\View.php(212): CodeIgniter\Exceptions\FrameworkException::forInvalidFile('layout/footer.php')
 2 SYSTEMPATH\Common.php(1173): CodeIgniter\View\View->render('layout/footer', [], true)
 3 APPPATH\Views\homepage.php(855): view('layout/footer')
 4 SYSTEMPATH\View\View.php(224): include('C:\\xampp\\htdocs\\gercekkisi\\app\\Views\\homepage.php')
 5 SYSTEMPATH\View\View.php(227): CodeIgniter\View\View->CodeIgniter\View\{closure}()
 6 SYSTEMPATH\Common.php(1173): CodeIgniter\View\View->render('homepage', [], true)
 7 APPPATH\Controllers\Home.php(9): view('homepage')
 8 SYSTEMPATH\CodeIgniter.php(933): App\Controllers\Home->index()
 9 SYSTEMPATH\CodeIgniter.php(507): CodeIgniter\CodeIgniter->runController(Object(App\Controllers\Home))
10 SYSTEMPATH\CodeIgniter.php(354): CodeIgniter\CodeIgniter->handleRequest(null, Object(Config\Cache), false)
11 SYSTEMPATH\Boot.php(334): CodeIgniter\CodeIgniter->run()
12 SYSTEMPATH\Boot.php(67): CodeIgniter\Boot::runCodeIgniter(Object(CodeIgniter\CodeIgniter))
13 FCPATH\index.php(56): CodeIgniter\Boot::bootWeb(Object(Config\Paths))
CRITICAL - 2025-04-25 14:36:00 --> CodeIgniter\View\Exceptions\ViewException: Invalid file: "layout/footer.php"
[Method: GET, Route: homepage]
in SYSTEMPATH\Exceptions\FrameworkException.php on line 39.
 1 SYSTEMPATH\View\View.php(212): CodeIgniter\Exceptions\FrameworkException::forInvalidFile('layout/footer.php')
 2 SYSTEMPATH\Common.php(1173): CodeIgniter\View\View->render('layout/footer', [], true)
 3 APPPATH\Views\homepage.php(855): view('layout/footer')
 4 SYSTEMPATH\View\View.php(224): include('C:\\xampp\\htdocs\\gercekkisi\\app\\Views\\homepage.php')
 5 SYSTEMPATH\View\View.php(227): CodeIgniter\View\View->CodeIgniter\View\{closure}()
 6 SYSTEMPATH\Common.php(1173): CodeIgniter\View\View->render('homepage', [], true)
 7 APPPATH\Controllers\Home.php(9): view('homepage')
 8 SYSTEMPATH\CodeIgniter.php(933): App\Controllers\Home->index()
 9 SYSTEMPATH\CodeIgniter.php(507): CodeIgniter\CodeIgniter->runController(Object(App\Controllers\Home))
10 SYSTEMPATH\CodeIgniter.php(354): CodeIgniter\CodeIgniter->handleRequest(null, Object(Config\Cache), false)
11 SYSTEMPATH\Boot.php(334): CodeIgniter\CodeIgniter->run()
12 SYSTEMPATH\Boot.php(67): CodeIgniter\Boot::runCodeIgniter(Object(CodeIgniter\CodeIgniter))
13 FCPATH\index.php(56): CodeIgniter\Boot::bootWeb(Object(Config\Paths))
