DEBUG - 2025-10-07 08:56:24 --> Session: Class initialized using 'CodeIgniter\Session\Handlers\FileHandler' driver.
DEBUG - 2025-10-07 08:56:24 --> Session: Class initialized using 'CodeIgniter\Session\Handlers\FileHandler' driver.
DEBUG - 2025-10-07 08:56:27 --> Session: Class initialized using 'CodeIgniter\Session\Handlers\FileHandler' driver.
DEBUG - 2025-10-07 08:56:31 --> Session: Class initialized using 'CodeIgniter\Session\Handlers\FileHandler' driver.
DEBUG - 2025-10-07 08:56:33 --> Session: Class initialized using 'CodeIgniter\Session\Handlers\FileHandler' driver.
DEBUG - 2025-10-07 08:56:50 --> Session: Class initialized using 'CodeIgniter\Session\Handlers\FileHandler' driver.
DEBUG - 2025-10-07 09:00:26 --> Session: Class initialized using 'CodeIgniter\Session\Handlers\FileHandler' driver.
DEBUG - 2025-10-07 09:08:16 --> Session: Class initialized using 'CodeIgniter\Session\Handlers\FileHandler' driver.
DEBUG - 2025-10-07 09:08:45 --> Session: Class initialized using 'CodeIgniter\Session\Handlers\FileHandler' driver.
DEBUG - 2025-10-07 09:10:19 --> Session: Class initialized using 'CodeIgniter\Session\Handlers\FileHandler' driver.
DEBUG - 2025-10-07 09:10:20 --> Session: Class initialized using 'CodeIgniter\Session\Handlers\FileHandler' driver.
DEBUG - 2025-10-07 09:10:21 --> Session: Class initialized using 'CodeIgniter\Session\Handlers\FileHandler' driver.
DEBUG - 2025-10-07 09:10:22 --> Session: Class initialized using 'CodeIgniter\Session\Handlers\FileHandler' driver.
DEBUG - 2025-10-07 09:12:03 --> Session: Class initialized using 'CodeIgniter\Session\Handlers\FileHandler' driver.
DEBUG - 2025-10-07 09:14:45 --> Session: Class initialized using 'CodeIgniter\Session\Handlers\FileHandler' driver.
DEBUG - 2025-10-07 09:14:59 --> Session: Class initialized using 'CodeIgniter\Session\Handlers\FileHandler' driver.
DEBUG - 2025-10-07 09:15:18 --> Session: Class initialized using 'CodeIgniter\Session\Handlers\FileHandler' driver.
DEBUG - 2025-10-07 09:18:34 --> Session: Class initialized using 'CodeIgniter\Session\Handlers\FileHandler' driver.
DEBUG - 2025-10-07 09:18:38 --> Session: Class initialized using 'CodeIgniter\Session\Handlers\FileHandler' driver.
DEBUG - 2025-10-07 09:19:22 --> Session: Class initialized using 'CodeIgniter\Session\Handlers\FileHandler' driver.
DEBUG - 2025-10-07 09:20:58 --> Session: Class initialized using 'CodeIgniter\Session\Handlers\FileHandler' driver.
DEBUG - 2025-10-07 09:21:32 --> Session: Class initialized using 'CodeIgniter\Session\Handlers\FileHandler' driver.
DEBUG - 2025-10-07 09:21:47 --> Session: Class initialized using 'CodeIgniter\Session\Handlers\FileHandler' driver.
DEBUG - 2025-10-07 09:22:02 --> Session: Class initialized using 'CodeIgniter\Session\Handlers\FileHandler' driver.
DEBUG - 2025-10-07 09:22:04 --> Session: Class initialized using 'CodeIgniter\Session\Handlers\FileHandler' driver.
DEBUG - 2025-10-07 09:22:12 --> Session: Class initialized using 'CodeIgniter\Session\Handlers\FileHandler' driver.
DEBUG - 2025-10-07 09:22:14 --> Session: Class initialized using 'CodeIgniter\Session\Handlers\FileHandler' driver.
DEBUG - 2025-10-07 09:24:09 --> Session: Class initialized using 'CodeIgniter\Session\Handlers\FileHandler' driver.
CRITICAL - 2025-10-07 09:24:09 --> ErrorException: Undefined array key "gumus_milyem"
[Method: GET, Route: home/ayarevi]
in APPPATH\Views\ayarevi.php on line 345.
 1 APPPATH\Views\ayarevi.php(345): CodeIgniter\Debug\Exceptions->errorHandler(2, 'Undefined array key "gumus_milyem"', 'C:\\xampp\\htdocs\\rafinerikayit\\app\\Views\\ayarevi.php', 345)
 2 SYSTEMPATH\View\View.php(224): include('C:\\xampp\\htdocs\\rafinerikayit\\app\\Views\\ayarevi.php')
 3 SYSTEMPATH\View\View.php(227): CodeIgniter\View\View->CodeIgniter\View\{closure}()
 4 SYSTEMPATH\Common.php(1173): CodeIgniter\View\View->render('ayarevi', [], true)
 5 APPPATH\Controllers\Home.php(123): view('ayarevi', [...])
 6 SYSTEMPATH\CodeIgniter.php(933): App\Controllers\Home->ayarevi()
 7 SYSTEMPATH\CodeIgniter.php(507): CodeIgniter\CodeIgniter->runController(Object(App\Controllers\Home))
 8 SYSTEMPATH\CodeIgniter.php(354): CodeIgniter\CodeIgniter->handleRequest(null, Object(Config\Cache), false)
 9 SYSTEMPATH\Boot.php(334): CodeIgniter\CodeIgniter->run()
10 SYSTEMPATH\Boot.php(67): CodeIgniter\Boot::runCodeIgniter(Object(CodeIgniter\CodeIgniter))
11 FCPATH\index.php(56): CodeIgniter\Boot::bootWeb(Object(Config\Paths))
DEBUG - 2025-10-07 09:26:01 --> Session: Class initialized using 'CodeIgniter\Session\Handlers\FileHandler' driver.
ERROR - 2025-10-07 09:26:01 --> mysqli_sql_exception: You have an error in your SQL syntax; check the manual that corresponds to your MariaDB server version for the right syntax to use near '.`giris_gram`, `takozlar`.`tahmini_milyem`, `takozlar`.`olculen_milyem`, `tak...' at line 1 in C:\xampp\htdocs\rafinerikayit\system\Database\MySQLi\Connection.php:327
Stack trace:
#0 C:\xampp\htdocs\rafinerikayit\system\Database\MySQLi\Connection.php(327): mysqli->query('SELECT `cesni`....', 0)
#1 C:\xampp\htdocs\rafinerikayit\system\Database\BaseConnection.php(738): CodeIgniter\Database\MySQLi\Connection->execute('SELECT `cesni`....')
#2 C:\xampp\htdocs\rafinerikayit\system\Database\BaseConnection.php(652): CodeIgniter\Database\BaseConnection->simpleQuery('SELECT `cesni`....')
#3 C:\xampp\htdocs\rafinerikayit\system\Database\BaseBuilder.php(1649): CodeIgniter\Database\BaseConnection->query('SELECT `cesni`....', Array, false)
#4 C:\xampp\htdocs\rafinerikayit\app\Controllers\Home.php(85): CodeIgniter\Database\BaseBuilder->get()
#5 C:\xampp\htdocs\rafinerikayit\system\CodeIgniter.php(933): App\Controllers\Home->ayarevi()
#6 C:\xampp\htdocs\rafinerikayit\system\CodeIgniter.php(507): CodeIgniter\CodeIgniter->runController(Object(App\Controllers\Home))
#7 C:\xampp\htdocs\rafinerikayit\system\CodeIgniter.php(354): CodeIgniter\CodeIgniter->handleRequest(NULL, Object(Config\Cache), false)
#8 C:\xampp\htdocs\rafinerikayit\system\Boot.php(334): CodeIgniter\CodeIgniter->run()
#9 C:\xampp\htdocs\rafinerikayit\system\Boot.php(67): CodeIgniter\Boot::runCodeIgniter(Object(CodeIgniter\CodeIgniter))
#10 C:\xampp\htdocs\rafinerikayit\index.php(56): CodeIgniter\Boot::bootWeb(Object(Config\Paths))
#11 {main}
CRITICAL - 2025-10-07 09:26:01 --> CodeIgniter\Database\Exceptions\DatabaseException: You have an error in your SQL syntax; check the manual that corresponds to your MariaDB server version for the right syntax to use near '.`giris_gram`, `takozlar`.`tahmini_milyem`, `takozlar`.`olculen_milyem`, `tak...' at line 1
[Method: GET, Route: home/ayarevi]
in SYSTEMPATH\Database\BaseConnection.php on line 692.
 1 SYSTEMPATH\Database\BaseBuilder.php(1649): CodeIgniter\Database\BaseConnection->query('SELECT `cesni`.*, `takozlar`.`musteri`, `takozlar`.`gumus_milyem` `takozlar`.`giris_gram`, `takozlar`.`tahmini_milyem`, `takozlar`.`olculen_milyem`, `takozlar`.`cesni_has`, `customer`.`ad` as `musteri_adi`
FROM `cesni`
JOIN `takozlar` ON `cesni`.`fis_no` = `takozlar`.`id`
LEFT JOIN `customer` ON `customer`.`id` = `takozlar`.`musteri`
WHERE `cesni`.`status_code` = :cesni.status_code:', [...], false)
 2 APPPATH\Controllers\Home.php(85): CodeIgniter\Database\BaseBuilder->get()
 3 SYSTEMPATH\CodeIgniter.php(933): App\Controllers\Home->ayarevi()
 4 SYSTEMPATH\CodeIgniter.php(507): CodeIgniter\CodeIgniter->runController(Object(App\Controllers\Home))
 5 SYSTEMPATH\CodeIgniter.php(354): CodeIgniter\CodeIgniter->handleRequest(null, Object(Config\Cache), false)
 6 SYSTEMPATH\Boot.php(334): CodeIgniter\CodeIgniter->run()
 7 SYSTEMPATH\Boot.php(67): CodeIgniter\Boot::runCodeIgniter(Object(CodeIgniter\CodeIgniter))
 8 FCPATH\index.php(56): CodeIgniter\Boot::bootWeb(Object(Config\Paths))
CRITICAL - 2025-10-07 09:26:01 --> [Caused by] CodeIgniter\Database\Exceptions\DatabaseException: You have an error in your SQL syntax; check the manual that corresponds to your MariaDB server version for the right syntax to use near '.`giris_gram`, `takozlar`.`tahmini_milyem`, `takozlar`.`olculen_milyem`, `tak...' at line 1
in SYSTEMPATH\Database\MySQLi\Connection.php on line 332.
 1 SYSTEMPATH\Database\BaseConnection.php(738): CodeIgniter\Database\MySQLi\Connection->execute('SELECT `cesni`.*, `takozlar`.`musteri`, `takozlar`.`gumus_milyem` `takozlar`.`giris_gram`, `takozlar`.`tahmini_milyem`, `takozlar`.`olculen_milyem`, `takozlar`.`cesni_has`, `customer`.`ad` as `musteri_adi`
FROM `cesni`
JOIN `takozlar` ON `cesni`.`fis_no` = `takozlar`.`id`
LEFT JOIN `customer` ON `customer`.`id` = `takozlar`.`musteri`
WHERE `cesni`.`status_code` = 1')
 2 SYSTEMPATH\Database\BaseConnection.php(652): CodeIgniter\Database\BaseConnection->simpleQuery('SELECT `cesni`.*, `takozlar`.`musteri`, `takozlar`.`gumus_milyem` `takozlar`.`giris_gram`, `takozlar`.`tahmini_milyem`, `takozlar`.`olculen_milyem`, `takozlar`.`cesni_has`, `customer`.`ad` as `musteri_adi`
FROM `cesni`
JOIN `takozlar` ON `cesni`.`fis_no` = `takozlar`.`id`
LEFT JOIN `customer` ON `customer`.`id` = `takozlar`.`musteri`
WHERE `cesni`.`status_code` = 1')
 3 SYSTEMPATH\Database\BaseBuilder.php(1649): CodeIgniter\Database\BaseConnection->query('SELECT `cesni`.*, `takozlar`.`musteri`, `takozlar`.`gumus_milyem` `takozlar`.`giris_gram`, `takozlar`.`tahmini_milyem`, `takozlar`.`olculen_milyem`, `takozlar`.`cesni_has`, `customer`.`ad` as `musteri_adi`
FROM `cesni`
JOIN `takozlar` ON `cesni`.`fis_no` = `takozlar`.`id`
LEFT JOIN `customer` ON `customer`.`id` = `takozlar`.`musteri`
WHERE `cesni`.`status_code` = :cesni.status_code:', [...], false)
 4 APPPATH\Controllers\Home.php(85): CodeIgniter\Database\BaseBuilder->get()
 5 SYSTEMPATH\CodeIgniter.php(933): App\Controllers\Home->ayarevi()
 6 SYSTEMPATH\CodeIgniter.php(507): CodeIgniter\CodeIgniter->runController(Object(App\Controllers\Home))
 7 SYSTEMPATH\CodeIgniter.php(354): CodeIgniter\CodeIgniter->handleRequest(null, Object(Config\Cache), false)
 8 SYSTEMPATH\Boot.php(334): CodeIgniter\CodeIgniter->run()
 9 SYSTEMPATH\Boot.php(67): CodeIgniter\Boot::runCodeIgniter(Object(CodeIgniter\CodeIgniter))
10 FCPATH\index.php(56): CodeIgniter\Boot::bootWeb(Object(Config\Paths))
CRITICAL - 2025-10-07 09:26:01 --> [Caused by] mysqli_sql_exception: You have an error in your SQL syntax; check the manual that corresponds to your MariaDB server version for the right syntax to use near '.`giris_gram`, `takozlar`.`tahmini_milyem`, `takozlar`.`olculen_milyem`, `tak...' at line 1
in SYSTEMPATH\Database\MySQLi\Connection.php on line 327.
 1 SYSTEMPATH\Database\MySQLi\Connection.php(327): mysqli->query('SELECT `cesni`.*, `takozlar`.`musteri`, `takozlar`.`gumus_milyem` `takozlar`.`giris_gram`, `takozlar`.`tahmini_milyem`, `takozlar`.`olculen_milyem`, `takozlar`.`cesni_has`, `customer`.`ad` as `musteri_adi`
FROM `cesni`
JOIN `takozlar` ON `cesni`.`fis_no` = `takozlar`.`id`
LEFT JOIN `customer` ON `customer`.`id` = `takozlar`.`musteri`
WHERE `cesni`.`status_code` = 1', 0)
 2 SYSTEMPATH\Database\BaseConnection.php(738): CodeIgniter\Database\MySQLi\Connection->execute('SELECT `cesni`.*, `takozlar`.`musteri`, `takozlar`.`gumus_milyem` `takozlar`.`giris_gram`, `takozlar`.`tahmini_milyem`, `takozlar`.`olculen_milyem`, `takozlar`.`cesni_has`, `customer`.`ad` as `musteri_adi`
FROM `cesni`
JOIN `takozlar` ON `cesni`.`fis_no` = `takozlar`.`id`
LEFT JOIN `customer` ON `customer`.`id` = `takozlar`.`musteri`
WHERE `cesni`.`status_code` = 1')
 3 SYSTEMPATH\Database\BaseConnection.php(652): CodeIgniter\Database\BaseConnection->simpleQuery('SELECT `cesni`.*, `takozlar`.`musteri`, `takozlar`.`gumus_milyem` `takozlar`.`giris_gram`, `takozlar`.`tahmini_milyem`, `takozlar`.`olculen_milyem`, `takozlar`.`cesni_has`, `customer`.`ad` as `musteri_adi`
FROM `cesni`
JOIN `takozlar` ON `cesni`.`fis_no` = `takozlar`.`id`
LEFT JOIN `customer` ON `customer`.`id` = `takozlar`.`musteri`
WHERE `cesni`.`status_code` = 1')
 4 SYSTEMPATH\Database\BaseBuilder.php(1649): CodeIgniter\Database\BaseConnection->query('SELECT `cesni`.*, `takozlar`.`musteri`, `takozlar`.`gumus_milyem` `takozlar`.`giris_gram`, `takozlar`.`tahmini_milyem`, `takozlar`.`olculen_milyem`, `takozlar`.`cesni_has`, `customer`.`ad` as `musteri_adi`
FROM `cesni`
JOIN `takozlar` ON `cesni`.`fis_no` = `takozlar`.`id`
LEFT JOIN `customer` ON `customer`.`id` = `takozlar`.`musteri`
WHERE `cesni`.`status_code` = :cesni.status_code:', [...], false)
 5 APPPATH\Controllers\Home.php(85): CodeIgniter\Database\BaseBuilder->get()
 6 SYSTEMPATH\CodeIgniter.php(933): App\Controllers\Home->ayarevi()
 7 SYSTEMPATH\CodeIgniter.php(507): CodeIgniter\CodeIgniter->runController(Object(App\Controllers\Home))
 8 SYSTEMPATH\CodeIgniter.php(354): CodeIgniter\CodeIgniter->handleRequest(null, Object(Config\Cache), false)
 9 SYSTEMPATH\Boot.php(334): CodeIgniter\CodeIgniter->run()
10 SYSTEMPATH\Boot.php(67): CodeIgniter\Boot::runCodeIgniter(Object(CodeIgniter\CodeIgniter))
11 FCPATH\index.php(56): CodeIgniter\Boot::bootWeb(Object(Config\Paths))
DEBUG - 2025-10-07 09:26:07 --> Session: Class initialized using 'CodeIgniter\Session\Handlers\FileHandler' driver.
DEBUG - 2025-10-07 09:28:45 --> Session: Class initialized using 'CodeIgniter\Session\Handlers\FileHandler' driver.
DEBUG - 2025-10-07 09:29:51 --> Session: Class initialized using 'CodeIgniter\Session\Handlers\FileHandler' driver.
DEBUG - 2025-10-07 09:32:19 --> Session: Class initialized using 'CodeIgniter\Session\Handlers\FileHandler' driver.
DEBUG - 2025-10-07 10:27:19 --> Session: Class initialized using 'CodeIgniter\Session\Handlers\FileHandler' driver.
DEBUG - 2025-10-07 10:28:45 --> Session: Class initialized using 'CodeIgniter\Session\Handlers\FileHandler' driver.
DEBUG - 2025-10-07 10:30:51 --> Session: Class initialized using 'CodeIgniter\Session\Handlers\FileHandler' driver.
DEBUG - 2025-10-07 10:31:27 --> Session: Class initialized using 'CodeIgniter\Session\Handlers\FileHandler' driver.
DEBUG - 2025-10-07 10:34:13 --> Session: Class initialized using 'CodeIgniter\Session\Handlers\FileHandler' driver.
DEBUG - 2025-10-07 10:34:50 --> Session: Class initialized using 'CodeIgniter\Session\Handlers\FileHandler' driver.
DEBUG - 2025-10-07 10:34:57 --> Session: Class initialized using 'CodeIgniter\Session\Handlers\FileHandler' driver.
DEBUG - 2025-10-07 10:36:50 --> Session: Class initialized using 'CodeIgniter\Session\Handlers\FileHandler' driver.
DEBUG - 2025-10-07 10:37:05 --> Session: Class initialized using 'CodeIgniter\Session\Handlers\FileHandler' driver.
DEBUG - 2025-10-07 10:39:20 --> Session: Class initialized using 'CodeIgniter\Session\Handlers\FileHandler' driver.
DEBUG - 2025-10-07 10:39:24 --> Session: Class initialized using 'CodeIgniter\Session\Handlers\FileHandler' driver.
DEBUG - 2025-10-07 10:39:25 --> Session: Class initialized using 'CodeIgniter\Session\Handlers\FileHandler' driver.
DEBUG - 2025-10-07 10:39:27 --> Session: Class initialized using 'CodeIgniter\Session\Handlers\FileHandler' driver.
DEBUG - 2025-10-07 10:39:28 --> Session: Class initialized using 'CodeIgniter\Session\Handlers\FileHandler' driver.
DEBUG - 2025-10-07 10:39:29 --> Session: Class initialized using 'CodeIgniter\Session\Handlers\FileHandler' driver.
DEBUG - 2025-10-07 10:39:32 --> Session: Class initialized using 'CodeIgniter\Session\Handlers\FileHandler' driver.
